This is LuaHBTeX, Version 1.16.0 (TeX Live 2023/VoidLinux)  (format=lualatex 2024.2.8)  31 MAY 2024 22:09
 restricted system commands enabled.
**main.tex
(./main.tex
LaTeX2e <2022-11-01> patch level 1
Lua module: luaotfload 2022-10-03 3.23 Lua based OpenType font support
Lua module: lualibs 2022-10-04 2.75 ConTeXt Lua standard libraries.
Lua module: lualibs-extended 2022-10-04 2.75 ConTeXt Lua libraries -- extended c
ollection.
luaotfload | conf : Root cache directory is "/home/schmidh/.texlive2023/texmf-va
r/luatex-cache/generic/names".
luaotfload | init : Loading fontloader "fontloader-2022-10-03.lua" from kpse-res
olved path "/usr/share/texmf-dist/tex/luatex/luaotfload/fontloader-2022-10-03.lu
a".
Lua-only attribute luaotfload@noligature = 1
luaotfload | init : Context OpenType loader version 3.120
Inserting `luaotfload.node_processor' in `pre_linebreak_filter'.
Inserting `luaotfload.node_processor' in `hpack_filter'.
Inserting `luaotfload.glyph_stream' in `glyph_stream_provider'.
Inserting `luaotfload.define_font' in `define_font'.
Lua-only attribute luaotfload_color_attribute = 2
luaotfload | conf : Root cache directory is "/home/schmidh/.texlive2023/texmf-va
r/luatex-cache/generic/names".
Inserting `luaotfload.harf.strip_prefix' in `find_opentype_file'.
Inserting `luaotfload.harf.strip_prefix' in `find_truetype_file'.
Removing  `luaotfload.glyph_stream' from `glyph_stream_provider'.
Inserting `luaotfload.harf.glyphstream' in `glyph_stream_provider'.
Inserting `luaotfload.harf.finalize_vlist' in `post_linebreak_filter'.
Inserting `luaotfload.harf.finalize_hlist' in `hpack_filter'.
Inserting `luaotfload.cleanup_files' in `wrapup_run'.
Inserting `luaotfload.harf.finalize_unicode' in `finish_pdffile'.
Inserting `luaotfload.glyphinfo' in `glyph_info'.
Lua-only attribute luaotfload.letterspace_done = 3
Inserting `luaotfload.aux.set_sscale_dimens' in `luaotfload.patch_font'.
Inserting `luaotfload.aux.set_font_index' in `luaotfload.patch_font'.
Inserting `luaotfload.aux.patch_cambria_domh' in `luaotfload.patch_font'.
Inserting `luaotfload.aux.fixup_fontdata' in `luaotfload.patch_font_unsafe'.
Inserting `luaotfload.aux.set_capheight' in `luaotfload.patch_font'.
Inserting `luaotfload.aux.set_xheight' in `luaotfload.patch_font'.
Inserting `luaotfload.rewrite_fontname' in `luaotfload.patch_font'. L3 programm
ing layer <2023-02-22>
Inserting `tracingstacklevels' in `input_level_string'.
(/usr/share/texmf-dist/tex/latex/base/article.cls
Document Class: article 2022/07/02 v1.4n Standard LaTeX document class
(/usr/share/texmf-dist/tex/latex/base/size10.clo
File: size10.clo 2022/07/02 v1.4n Standard LaTeX file (size option)
luaotfload | db : Font names database loaded from /home/schmidh/.texlive2023/tex
mf-var/luatex-cache/generic/names/luaotfload-names.luc.gz)
\c@part=\count183
\c@section=\count184
\c@subsection=\count185
\c@subsubsection=\count186
\c@paragraph=\count187
\c@subparagraph=\count188
\c@figure=\count189
\c@table=\count190
\abovecaptionskip=\skip48
\belowcaptionskip=\skip49
\bibindent=\dimen139
)

LaTeX Warning: \include should only be used after \begin{document} on input lin
e 2.

(./helper.tex (/usr/share/texmf-dist/tex/latex/amsmath/amsmath.sty
Package: amsmath 2022/04/08 v2.17n AMS math features
\@mathmargin=\skip50

For additional information on amsmath, use the `?' option.
(/usr/share/texmf-dist/tex/latex/amsmath/amstext.sty
Package: amstext 2021/08/26 v2.01 AMS text

(/usr/share/texmf-dist/tex/latex/amsmath/amsgen.sty
File: amsgen.sty 1999/11/30 v2.0 generic functions
\@emptytoks=\toks16
\ex@=\dimen140
))
(/usr/share/texmf-dist/tex/latex/amsmath/amsbsy.sty
Package: amsbsy 1999/11/29 v1.2d Bold Symbols
\pmbraise@=\dimen141
)
(/usr/share/texmf-dist/tex/latex/amsmath/amsopn.sty
Package: amsopn 2022/04/08 v2.04 operator names
)
\inf@bad=\count191
LaTeX Info: Redefining \frac on input line 236.
\uproot@=\count192
\leftroot@=\count193
LaTeX Info: Redefining \overline on input line 399.
LaTeX Info: Redefining \colon on input line 410.
\classnum@=\count194
\DOTSCASE@=\count195
LaTeX Info: Redefining \ldots on input line 496.
LaTeX Info: Redefining \dots on input line 499.
LaTeX Info: Redefining \cdots on input line 620.
\Mathstrutbox@=\box51
\strutbox@=\box52
LaTeX Info: Redefining \big on input line 722.
LaTeX Info: Redefining \Big on input line 723.
LaTeX Info: Redefining \bigg on input line 724.
LaTeX Info: Redefining \Bigg on input line 725.
\big@size=\dimen142
LaTeX Font Info:    Redeclaring font encoding OML on input line 743.
LaTeX Font Info:    Redeclaring font encoding OMS on input line 744.
\macc@depth=\count196
LaTeX Info: Redefining \bmod on input line 905.
LaTeX Info: Redefining \pmod on input line 910.
LaTeX Info: Redefining \smash on input line 940.
LaTeX Info: Redefining \relbar on input line 970.
LaTeX Info: Redefining \Relbar on input line 971.
\c@MaxMatrixCols=\count197
\dotsspace@=\muskip16
\c@parentequation=\count198
\dspbrk@lvl=\count199
\tag@help=\toks17
\row@=\count266
\column@=\count267
\maxfields@=\count268
\andhelp@=\toks18
\eqnshift@=\dimen143
\alignsep@=\dimen144
\tagshift@=\dimen145
\tagwidth@=\dimen146
\totwidth@=\dimen147
\lineht@=\dimen148
\@envbody=\toks19
\multlinegap=\skip51
\multlinetaggap=\skip52
\mathdisplay@stack=\toks20
LaTeX Info: Redefining \[ on input line 2953.
LaTeX Info: Redefining \] on input line 2954.
)
(/usr/share/texmf-dist/tex/latex/amsfonts/amssymb.sty
Package: amssymb 2013/01/14 v3.01 AMS font symbols

(/usr/share/texmf-dist/tex/latex/amsfonts/amsfonts.sty
Package: amsfonts 2013/01/14 v3.01 Basic AMSFonts support
\symAMSa=\mathgroup4
\symAMSb=\mathgroup5
LaTeX Font Info:    Redeclaring math symbol \hbar on input line 98.
LaTeX Font Info:    Overwriting math alphabet `\mathfrak' in version `bold'
(Font)                  U/euf/m/n --> U/euf/b/n on input line 106.
))
(/usr/share/texmf-dist/tex/generic/iftex/iftex.sty
Package: iftex 2022/02/03 v1.0f TeX engine tests
)
(/usr/share/texmf-dist/tex/latex/unicode-math/unicode-math.sty
(/usr/share/texmf-dist/tex/latex/l3kernel/expl3.sty
Package: expl3 2023-02-22 L3 programming layer (loader) 

(/usr/share/texmf-dist/tex/latex/l3backend/l3backend-luatex.def
File: l3backend-luatex.def 2023-01-16 L3 backend support: PDF output (LuaTeX)
\l__color_backend_stack_int=\count269
\l__pdf_internal_box=\box53
))
Package: unicode-math 2020/01/31 v0.8q Unicode maths in XeLaTeX and LuaLaTeX

(/usr/share/texmf-dist/tex/latex/unicode-math/unicode-math-luatex.sty
Package: unicode-math-luatex 2020/01/31 v0.8q Unicode maths in XeLaTeX and LuaL
aTeX

(/usr/share/texmf-dist/tex/latex/l3packages/xparse/xparse.sty
Package: xparse 2023-02-02 L3 Experimental document command parser
)
(/usr/share/texmf-dist/tex/latex/l3packages/l3keys2e/l3keys2e.sty
Package: l3keys2e 2023-02-02 LaTeX2e option processing using LaTeX3 keys
)
(/usr/share/texmf-dist/tex/latex/fontspec/fontspec.sty
Package: fontspec 2022/01/15 v2.8a Font selection for XeLaTeX and LuaLaTeX
Lua module: fontspec 2022/01/15 2.8a Font selection for XeLaTeX and LuaLaTeX
(/usr/share/texmf-dist/tex/latex/fontspec/fontspec-luatex.sty
Package: fontspec-luatex 2022/01/15 v2.8a Font selection for XeLaTeX and LuaLaT
eX
\l__fontspec_script_int=\count270
\l__fontspec_language_int=\count271
\l__fontspec_strnum_int=\count272
\l__fontspec_tmp_int=\count273
\l__fontspec_tmpa_int=\count274
\l__fontspec_tmpb_int=\count275
\l__fontspec_tmpc_int=\count276
\l__fontspec_em_int=\count277
\l__fontspec_emdef_int=\count278
\l__fontspec_strong_int=\count279
\l__fontspec_strongdef_int=\count280
\l__fontspec_tmpa_dim=\dimen149
\l__fontspec_tmpb_dim=\dimen150
\l__fontspec_tmpc_dim=\dimen151

(/usr/share/texmf-dist/tex/latex/base/fontenc.sty
Package: fontenc 2021/04/29 v2.0v Standard LaTeX package
)
(/usr/share/texmf-dist/tex/latex/fontspec/fontspec.cfg)))
(/usr/share/texmf-dist/tex/latex/base/fix-cm.sty
Package: fix-cm 2020/11/24 v1.1t fixes to LaTeX

(/usr/share/texmf-dist/tex/latex/base/ts1enc.def
File: ts1enc.def 2001/06/05 v3.0e (jk/car/fm) Standard LaTeX file
LaTeX Font Info:    Redeclaring font encoding TS1 on input line 47.
))
(/usr/share/texmf-dist/tex/lualatex/lualatex-math/lualatex-math.sty
Package: lualatex-math 2022/01/01 v1.12 Patches for mathematics typesetting wit
h LuaLaTeX

(/usr/share/texmf-dist/tex/latex/etoolbox/etoolbox.sty
Package: etoolbox 2020/10/05 v2.5k e-TeX tools for LaTeX (JAW)
\etb@tempcnta=\count281
)
Lua module: lualatex-math 2013/08/03 1.3 Patches for mathematics typesetting wit
h LuaLaTeX)
\g__um_fam_int=\count282
\g__um_fonts_used_int=\count283
\l__um_primecount_int=\count284
\g__um_primekern_muskip=\muskip17

(/usr/share/texmf-dist/tex/latex/unicode-math/unicode-math-table.tex)))
(/usr/share/texmf-dist/tex/latex/lm/lmodern.sty
Package: lmodern 2015/05/01 v1.6.1 Latin Modern Fonts
LaTeX Font Info:    Overwriting symbol font `operators' in version `normal'
(Font)                  OT1/cmr/m/n --> OT1/lmr/m/n on input line 22.
LaTeX Font Info:    Overwriting symbol font `letters' in version `normal'
(Font)                  OML/cmm/m/it --> OML/lmm/m/it on input line 23.
LaTeX Font Info:    Overwriting symbol font `symbols' in version `normal'
(Font)                  OMS/cmsy/m/n --> OMS/lmsy/m/n on input line 24.
LaTeX Font Info:    Overwriting symbol font `largesymbols' in version `normal'
(Font)                  OMX/cmex/m/n --> OMX/lmex/m/n on input line 25.
LaTeX Font Info:    Overwriting symbol font `operators' in version `bold'
(Font)                  OT1/cmr/bx/n --> OT1/lmr/bx/n on input line 26.
LaTeX Font Info:    Overwriting symbol font `letters' in version `bold'
(Font)                  OML/cmm/b/it --> OML/lmm/b/it on input line 27.
LaTeX Font Info:    Overwriting symbol font `symbols' in version `bold'
(Font)                  OMS/cmsy/b/n --> OMS/lmsy/b/n on input line 28.
LaTeX Font Info:    Overwriting symbol font `largesymbols' in version `bold'
(Font)                  OMX/cmex/m/n --> OMX/lmex/m/n on input line 29.
LaTeX Font Info:    Overwriting math alphabet `\mathbf' in version `normal'
(Font)                  OT1/cmr/bx/n --> OT1/lmr/bx/n on input line 31.
LaTeX Font Info:    Overwriting math alphabet `\mathsf' in version `normal'
(Font)                  OT1/cmss/m/n --> OT1/lmss/m/n on input line 32.
LaTeX Font Info:    Overwriting math alphabet `\mathit' in version `normal'
(Font)                  OT1/cmr/m/it --> OT1/lmr/m/it on input line 33.
LaTeX Font Info:    Overwriting math alphabet `\mathtt' in version `normal'
(Font)                  OT1/cmtt/m/n --> OT1/lmtt/m/n on input line 34.
LaTeX Font Info:    Overwriting math alphabet `\mathbf' in version `bold'
(Font)                  OT1/cmr/bx/n --> OT1/lmr/bx/n on input line 35.
LaTeX Font Info:    Overwriting math alphabet `\mathsf' in version `bold'
(Font)                  OT1/cmss/bx/n --> OT1/lmss/bx/n on input line 36.
LaTeX Font Info:    Overwriting math alphabet `\mathit' in version `bold'
(Font)                  OT1/cmr/bx/it --> OT1/lmr/bx/it on input line 37.
LaTeX Font Info:    Overwriting math alphabet `\mathtt' in version `bold'
(Font)                  OT1/cmtt/m/n --> OT1/lmtt/m/n on input line 38.
)
(/usr/share/texmf-dist/tex/latex/upquote/upquote.sty
Package: upquote 2012/04/19 v1.3 upright-quote and grave-accent glyphs in verba
tim

(/usr/share/texmf-dist/tex/latex/base/textcomp.sty
Package: textcomp 2020/02/02 v2.0n Standard LaTeX package
))
(/usr/share/texmf-dist/tex/latex/microtype/microtype.sty
Package: microtype 2023/03/13 v3.1a Micro-typographical refinements (RS)

(/usr/share/texmf-dist/tex/latex/graphics/keyval.sty
Package: keyval 2022/05/29 v1.15 key=value parser (DPC)
\KV@toks@=\toks21
)
\MT@toks=\toks22
\MT@tempbox=\box54
\MT@count=\count285
LaTeX Info: Redefining \noprotrusionifhmode on input line 1059.
LaTeX Info: Redefining \leftprotrusion on input line 1060.
\MT@prot@toks=\toks23
LaTeX Info: Redefining \rightprotrusion on input line 1078.
LaTeX Info: Redefining \textls on input line 1368.
\MT@outer@kern=\dimen152
LaTeX Info: Redefining \textmicrotypecontext on input line 1988.
\MT@listname@count=\count286

(/usr/share/texmf-dist/tex/latex/microtype/microtype-luatex.def
File: microtype-luatex.def 2023/03/13 v3.1a Definitions specific to luatex (RS)

Lua module: microtype 2023/03/13 3.1a microtype module.
Module microtype Info: overwriting function `keepligature' on input line 63
LaTeX Info: Redefining \lsstyle on input line 688.
LaTeX Info: Redefining \lslig on input line 688.
\MT@outer@space=\skip53
)
Package microtype Info: Loading configuration file microtype.cfg.

(/usr/share/texmf-dist/tex/latex/microtype/microtype.cfg
File: microtype.cfg 2023/03/13 v3.1a microtype main configuration file (RS)
))
(/usr/share/texmf-dist/tex/latex/parskip/parskip.sty
Package: parskip 2021-03-14 v2.0h non-zero parskip adjustments

(/usr/share/texmf-dist/tex/latex/kvoptions/kvoptions.sty
Package: kvoptions 2022-06-15 v3.15 Key value format for package options (HO)

(/usr/share/texmf-dist/tex/generic/ltxcmds/ltxcmds.sty
Package: ltxcmds 2020-05-10 v1.25 LaTeX kernel commands for general use (HO)
)
(/usr/share/texmf-dist/tex/latex/kvsetkeys/kvsetkeys.sty
Package: kvsetkeys 2022-10-05 v1.19 Key value parser (HO)
)))
(/usr/share/texmf-dist/tex/latex/xcolor/xcolor.sty
Package: xcolor 2022/06/12 v2.14 LaTeX color extensions (UK)

(/usr/share/texmf-dist/tex/latex/graphics-cfg/color.cfg
File: color.cfg 2016/01/02 v1.6 sample color configuration
)
Package xcolor Info: Driver file: luatex.def on input line 227.

(/usr/share/texmf-dist/tex/latex/graphics-def/luatex.def
File: luatex.def 2022/09/22 v1.2d Graphics/color driver for luatex
)
(/usr/share/texmf-dist/tex/latex/graphics/mathcolor.ltx)
Package xcolor Info: Model `cmy' substituted by `cmy0' on input line 1353.
Package xcolor Info: Model `hsb' substituted by `rgb' on input line 1357.
Package xcolor Info: Model `RGB' extended on input line 1369.
Package xcolor Info: Model `HTML' substituted by `rgb' on input line 1371.
Package xcolor Info: Model `Hsb' substituted by `hsb' on input line 1372.
Package xcolor Info: Model `tHsb' substituted by `hsb' on input line 1373.
Package xcolor Info: Model `HSB' substituted by `hsb' on input line 1374.
Package xcolor Info: Model `Gray' substituted by `gray' on input line 1375.
Package xcolor Info: Model `wave' substituted by `hsb' on input line 1376.
)
(/usr/share/texmf-dist/tex/latex/listings/listings.sty
\lst@mode=\count287
\lst@gtempboxa=\box55
\lst@token=\toks24
\lst@length=\count288
\lst@currlwidth=\dimen153
\lst@column=\count289
\lst@pos=\count290
\lst@lostspace=\dimen154
\lst@width=\dimen155
\lst@newlines=\count291
\lst@lineno=\count292
\lst@maxwidth=\dimen156

(/usr/share/texmf-dist/tex/latex/listings/lstmisc.sty
File: lstmisc.sty 2023/02/27 1.9 (Carsten Heinz)
\c@lstnumber=\count293
\lst@skipnumbers=\count294
\lst@framebox=\box56
)
(/usr/share/texmf-dist/tex/latex/listings/listings.cfg
File: listings.cfg 2023/02/27 1.9 listings configuration
))
Package: listings 2023/02/27 1.9 (Carsten Heinz)

(/usr/share/texmf-dist/tex/latex/tools/longtable.sty
Package: longtable 2021-09-01 v4.17 Multi-page Table package (DPC)
\LTleft=\skip54
\LTright=\skip55
\LTpre=\skip56
\LTpost=\skip57
\LTchunksize=\count295
\LTcapwidth=\dimen157
\LT@head=\box57
\LT@firsthead=\box58
\LT@foot=\box59
\LT@lastfoot=\box60
\LT@gbox=\box61
\LT@cols=\count296
\LT@rows=\count297
\c@LT@tables=\count298
\c@LT@chunks=\count299
\LT@p@ftn=\toks25
)
(/usr/share/texmf-dist/tex/latex/booktabs/booktabs.sty
Package: booktabs 2020/01/12 v1.61803398 Publication quality tables
\heavyrulewidth=\dimen158
\lightrulewidth=\dimen159
\cmidrulewidth=\dimen160
\belowrulesep=\dimen161
\belowbottomsep=\dimen162
\aboverulesep=\dimen163
\abovetopsep=\dimen164
\cmidrulesep=\dimen165
\cmidrulekern=\dimen166
\defaultaddspace=\dimen167
\@cmidla=\count300
\@cmidlb=\count301
\@aboverulesep=\dimen168
\@belowrulesep=\dimen169
\@thisruleclass=\count302
\@lastruleclass=\count303
\@thisrulewidth=\dimen170
)
(/usr/share/texmf-dist/tex/latex/tools/array.sty
Package: array 2022/09/04 v2.5g Tabular extension package (FMi)
\col@sep=\dimen171
\ar@mcellbox=\box62
\extrarowheight=\dimen172
\NC@list=\toks26
\extratabsurround=\skip58
\backup@length=\skip59
\ar@cellbox=\box63
)
(/usr/share/texmf-dist/tex/latex/tools/calc.sty
Package: calc 2017/05/25 v4.3 Infix arithmetic (KKT,FJ)
\calc@Acount=\count304
\calc@Bcount=\count305
\calc@Adimen=\dimen173
\calc@Bdimen=\dimen174
\calc@Askip=\skip60
\calc@Bskip=\skip61
LaTeX Info: Redefining \setlength on input line 80.
LaTeX Info: Redefining \addtolength on input line 81.
\calc@Ccount=\count306
\calc@Cskip=\skip62
)
(/usr/share/texmf-dist/tex/latex/footnotehyper/footnotehyper.sty
Package: footnotehyper 2021/08/13 v1.1e hyperref aware footnote.sty (JFB)
\FNH@notes=\box64
\FNH@width=\dimen175
\FNH@toks=\toks27
)
(/usr/share/texmf-dist/tex/lualatex/selnolig/selnolig.sty
=== Package selnolig, Version 0.302, Date 2015/10/26 ===
Package: selnolig 2015/10/26
(/usr/share/texmf-dist/tex/generic/iftex/ifluatex.sty
Package: ifluatex 2019/10/25 v1.5 ifluatex legacy package. Use iftex instead.
)
(/usr/share/texmf-dist/tex/luatex/luatexbase/luatexbase.sty
Package: luatexbase 2015/10/04 v1.3 luatexbase interface to LuaTeX 

(/usr/share/texmf-dist/tex/luatex/ctablestack/ctablestack.sty
Package: ctablestack 2015/10/01 v1.0 Catcode table stable support
\@catcodetablestackcnt=\count307
)
\CatcodeTableOther=\catcodetable12
\CatcodeTableExpl=\catcodetable13
)
Inserting `Suppress ligatures selectively' in `ligaturing'.)
(/usr/share/texmf-dist/tex/latex/bookmark/bookmark.sty
Package: bookmark 2020-11-06 v1.29 PDF bookmarks (HO)

(/usr/share/texmf-dist/tex/latex/hyperref/hyperref.sty
Package: hyperref 2023-02-07 v7.00v Hypertext links for LaTeX

(/usr/share/texmf-dist/tex/generic/pdftexcmds/pdftexcmds.sty
Package: pdftexcmds 2020-06-27 v0.33 Utility functions of pdfTeX for LuaTeX (HO
)

(/usr/share/texmf-dist/tex/generic/infwarerr/infwarerr.sty
Package: infwarerr 2019/12/03 v1.5 Providing info/warning/error messages (HO)
)
Package pdftexcmds Info: \pdf@primitive is available.
Package pdftexcmds Info: \pdf@ifprimitive is available.
Package pdftexcmds Info: \pdfdraftmode found.
\pdftexcmds@toks=\toks28
)
(/usr/share/texmf-dist/tex/generic/kvdefinekeys/kvdefinekeys.sty
Package: kvdefinekeys 2019-12-19 v1.6 Define keys (HO)
)
(/usr/share/texmf-dist/tex/generic/pdfescape/pdfescape.sty
Package: pdfescape 2019/12/09 v1.15 Implements pdfTeX's escape features (HO)
)
(/usr/share/texmf-dist/tex/latex/hycolor/hycolor.sty
Package: hycolor 2020-01-27 v1.10 Color options for hyperref/bookmark (HO)
)
(/usr/share/texmf-dist/tex/latex/letltxmacro/letltxmacro.sty
Package: letltxmacro 2019/12/03 v1.6 Let assignment for LaTeX macros (HO)
)
(/usr/share/texmf-dist/tex/latex/auxhook/auxhook.sty
Package: auxhook 2019-12-17 v1.6 Hooks for auxiliary files (HO)
)
(/usr/share/texmf-dist/tex/latex/hyperref/nameref.sty
Package: nameref 2022-05-17 v2.50 Cross-referencing by name of section

(/usr/share/texmf-dist/tex/latex/refcount/refcount.sty
Package: refcount 2019/12/15 v3.6 Data extraction from label references (HO)
)
(/usr/share/texmf-dist/tex/generic/gettitlestring/gettitlestring.sty
Package: gettitlestring 2019/12/15 v1.6 Cleanup title references (HO)
)
\c@section@level=\count308
)
\@linkdim=\dimen176
\Hy@linkcounter=\count309
\Hy@pagecounter=\count310

(/usr/share/texmf-dist/tex/latex/hyperref/pd1enc.def
File: pd1enc.def 2023-02-07 v7.00v Hyperref: PDFDocEncoding definition (HO)
)
(/usr/share/texmf-dist/tex/generic/intcalc/intcalc.sty
Package: intcalc 2019/12/15 v1.3 Expandable calculations with integers (HO)
)
(/usr/share/texmf-dist/tex/generic/etexcmds/etexcmds.sty
Package: etexcmds 2019/12/15 v1.7 Avoid name clashes with e-TeX commands (HO)
)
\Hy@SavedSpaceFactor=\count311

(/usr/share/texmf-dist/tex/latex/hyperref/puenc.def
File: puenc.def 2023-02-07 v7.00v Hyperref: PDF Unicode definition (HO)
)
Package hyperref Info: Option `unicode' set `true' on input line 4060.
Package hyperref Info: Hyper figures OFF on input line 4177.
Package hyperref Info: Link nesting OFF on input line 4182.
Package hyperref Info: Hyper index ON on input line 4185.
Package hyperref Info: Plain pages OFF on input line 4192.
Package hyperref Info: Backreferencing OFF on input line 4197.
Package hyperref Info: Implicit mode ON; LaTeX internals redefined.
Package hyperref Info: Bookmarks ON on input line 4425.
\c@Hy@tempcnt=\count312

(/usr/share/texmf-dist/tex/latex/url/url.sty
\Urlmuskip=\muskip18
Package: url 2013/09/16  ver 3.4  Verb mode for urls, etc.
)
LaTeX Info: Redefining \url on input line 4763.
\XeTeXLinkMargin=\dimen177

(/usr/share/texmf-dist/tex/generic/bitset/bitset.sty
Package: bitset 2019/12/09 v1.3 Handle bit-vector datatype (HO)

(/usr/share/texmf-dist/tex/generic/bigintcalc/bigintcalc.sty
Package: bigintcalc 2019/12/15 v1.5 Expandable calculations on big integers (HO
)
))
\Fld@menulength=\count313
\Field@Width=\dimen178
\Fld@charsize=\dimen179
Package hyperref Info: Hyper figures OFF on input line 6042.
Package hyperref Info: Link nesting OFF on input line 6047.
Package hyperref Info: Hyper index ON on input line 6050.
Package hyperref Info: backreferencing OFF on input line 6057.
Package hyperref Info: Link coloring OFF on input line 6062.
Package hyperref Info: Link coloring with OCG OFF on input line 6067.
Package hyperref Info: PDF/A mode OFF on input line 6072.

(/usr/share/texmf-dist/tex/latex/base/atbegshi-ltx.sty
Package: atbegshi-ltx 2021/01/10 v1.0c Emulation of the original atbegshi
package with kernel methods
)
\Hy@abspage=\count314
\c@Item=\count315
\c@Hfootnote=\count316
)
Package hyperref Info: Driver (autodetected): hluatex.

(/usr/share/texmf-dist/tex/latex/hyperref/hluatex.def
File: hluatex.def 2023-02-07 v7.00v Hyperref driver for luaTeX

(/usr/share/texmf-dist/tex/generic/stringenc/stringenc.sty
Package: stringenc 2019/11/29 v1.12 Convert strings between diff. encodings (HO
)
)
(/usr/share/texmf-dist/tex/latex/base/atveryend-ltx.sty
Package: atveryend-ltx 2020/08/19 v1.0a Emulation of the original atveryend pac
kage
with kernel methods
)
\Fld@listcount=\count317
\c@bookmark@seq@number=\count318

(/usr/share/texmf-dist/tex/latex/rerunfilecheck/rerunfilecheck.sty
Package: rerunfilecheck 2022-07-10 v1.10 Rerun checks for auxiliary files (HO)

(/usr/share/texmf-dist/tex/generic/uniquecounter/uniquecounter.sty
Package: uniquecounter 2019/12/15 v1.4 Provide unlimited unique counter (HO)
)
Package uniquecounter Info: New unique counter `rerunfilecheck' on input line 2
85.
)
\Hy@SectionHShift=\skip63
)
(/usr/share/texmf-dist/tex/latex/bookmark/bkm-pdftex.def
File: bkm-pdftex.def 2020-11-06 v1.29 bookmark driver for pdfTeX (HO)
\BKM@id=\count319
))
(/usr/share/texmf-dist/tex/latex/xurl/xurl.sty
Package: xurl 2022/01/09 v 0.10 modify URL breaks
)
(/usr/share/texmf-dist/tex/latex/geometry/geometry.sty
Package: geometry 2020/01/02 v5.9 Page Geometry

(/usr/share/texmf-dist/tex/generic/iftex/ifvtex.sty
Package: ifvtex 2019/10/25 v1.7 ifvtex legacy package. Use iftex instead.
)
\Gm@cnth=\count320
\Gm@cntv=\count321
\c@Gm@tempcnt=\count322
\Gm@bindingoffset=\dimen180
\Gm@wd@mp=\dimen181
\Gm@odd@mp=\dimen182
\Gm@even@mp=\dimen183
\Gm@layoutwidth=\dimen184
\Gm@layoutheight=\dimen185
\Gm@layouthoffset=\dimen186
\Gm@layoutvoffset=\dimen187
\Gm@dimlist=\toks29
)
(/usr/share/texmf-dist/tex/latex/graphics/graphicx.sty
Package: graphicx 2021/09/16 v1.2d Enhanced LaTeX Graphics (DPC,SPQR)

(/usr/share/texmf-dist/tex/latex/graphics/graphics.sty
Package: graphics 2022/03/10 v1.4e Standard LaTeX Graphics (DPC,SPQR)

(/usr/share/texmf-dist/tex/latex/graphics/trig.sty
Package: trig 2021/08/11 v1.11 sin cos tan (DPC)
)
(/usr/share/texmf-dist/tex/latex/graphics-cfg/graphics.cfg
File: graphics.cfg 2016/06/04 v1.11 sample graphics configuration
)
Package graphics Info: Driver file: luatex.def on input line 107.
)
\Gin@req@height=\dimen188
\Gin@req@width=\dimen189
)) (./main.aux

LaTeX Warning: Label `license' multiply defined.


LaTeX Warning: Label `signals' multiply defined.


LaTeX Warning: Label `tfetextview-class' multiply defined.


LaTeX Warning: Label `example' multiply defined.


LaTeX Warning: Label `the-header-file' multiply defined.


LaTeX Warning: Label `the-header-file' multiply defined.


LaTeX Warning: Label `c-file' multiply defined.


LaTeX Warning: Label `a-composite-widget' multiply defined.


LaTeX Warning: Label `gtkapplication' multiply defined.


LaTeX Warning: Label `gtkdrawingarea' multiply defined.


LaTeX Warning: Label `startup-signal-handler' multiply defined.


LaTeX Warning: Label `meson.build' multiply defined.


LaTeX Warning: Label `gtkdirectorylist' multiply defined.


LaTeX Warning: Label `meson.build' multiply defined.


LaTeX Warning: Label `gtksignallistitemfactory' multiply defined.


LaTeX Warning: Label `example' multiply defined.


LaTeX Warning: Label `constructors' multiply defined.


LaTeX Warning: Label `signals' multiply defined.

)
\openout1 = main.aux

LaTeX Font Info:    Checking defaults for OML/cmm/m/it on input line 6.
LaTeX Font Info:    ... okay on input line 6.
LaTeX Font Info:    Checking defaults for OMS/cmsy/m/n on input line 6.
LaTeX Font Info:    ... okay on input line 6.
LaTeX Font Info:    Checking defaults for OT1/cmr/m/n on input line 6.
LaTeX Font Info:    ... okay on input line 6.
LaTeX Font Info:    Checking defaults for T1/cmr/m/n on input line 6.
LaTeX Font Info:    ... okay on input line 6.
LaTeX Font Info:    Checking defaults for TS1/cmr/m/n on input line 6.
LaTeX Font Info:    ... okay on input line 6.
LaTeX Font Info:    Checking defaults for TU/lmr/m/n on input line 6.
LaTeX Font Info:    ... okay on input line 6.
LaTeX Font Info:    Checking defaults for OMX/cmex/m/n on input line 6.
LaTeX Font Info:    ... okay on input line 6.
LaTeX Font Info:    Checking defaults for U/cmr/m/n on input line 6.
LaTeX Font Info:    ... okay on input line 6.
LaTeX Font Info:    Checking defaults for PD1/pdf/m/n on input line 6.
LaTeX Font Info:    ... okay on input line 6.
LaTeX Font Info:    Checking defaults for PU/pdf/m/n on input line 6.
LaTeX Font Info:    ... okay on input line 6.
LaTeX Font Info:    Overwriting math alphabet `\mathrm' in version `normal'
(Font)                  OT1/lmr/m/n --> TU/lmr/m/n on input line 6.
LaTeX Font Info:    Overwriting math alphabet `\mathit' in version `normal'
(Font)                  OT1/lmr/m/it --> TU/lmr/m/it on input line 6.
LaTeX Font Info:    Overwriting math alphabet `\mathbf' in version `normal'
(Font)                  OT1/lmr/bx/n --> TU/lmr/bx/n on input line 6.
LaTeX Font Info:    Overwriting math alphabet `\mathsf' in version `normal'
(Font)                  OT1/lmss/m/n --> TU/lmss/m/n on input line 6.
LaTeX Font Info:    Overwriting math alphabet `\mathsf' in version `bold'
(Font)                  OT1/lmss/bx/n --> TU/lmss/bx/n on input line 6.
LaTeX Font Info:    Overwriting math alphabet `\mathtt' in version `normal'
(Font)                  OT1/lmtt/m/n --> TU/lmtt/m/n on input line 6.
LaTeX Font Info:    Overwriting math alphabet `\mathtt' in version `bold'
(Font)                  OT1/lmtt/m/n --> TU/lmtt/bx/n on input line 6.

Package fontspec Info: latinmodern-math scale = 0.9999964596882403.


Package fontspec Info: latinmodern-math scale = 0.9999964596882403.


Package fontspec Info: latinmodern-math scale = 0.9999964596882403.


Package fontspec Info: Font family 'latinmodern-math.otf(0)' created for font
(fontspec)             'latinmodern-math.otf' with options
(fontspec)             [Scale=MatchLowercase,Renderer=Basic,BoldItalicFont={},I
talicFont={},SmallCapsFont={},Script=Math,FontAdjustment={\__um_luatex_copy_fon
tdimens:
(fontspec)             },BoldFont={latinmodern-math.otf}].
(fontspec)              
(fontspec)              This font family consists of the following NFSS
(fontspec)             series/shapes:
(fontspec)              
(fontspec)             - 'normal' (m/n) with NFSS spec.:
(fontspec)             <->s*[0.9999964596882403]"[latinmodern-math.otf]:mode=ba
se;script=math;language=dflt;"
(fontspec)             - 'small caps'  (m/sc) with NFSS spec.: 
(fontspec)             and font adjustment code:
(fontspec)             \__um_luatex_copy_fontdimens: 
(fontspec)             - 'bold' (b/n) with NFSS spec.:
(fontspec)             <->s*[0.9999964596882403]"[latinmodern-math.otf]:mode=ba
se;script=math;language=dflt;"
(fontspec)             - 'bold small caps'  (b/sc) with NFSS spec.: 
(fontspec)             and font adjustment code:
(fontspec)             \__um_luatex_copy_fontdimens: 

LaTeX Font Info:    Font shape `TU/latinmodern-math.otf(0)/m/n' will be
(Font)              scaled to size 10.0pt on input line 6.

Package fontspec Info: latinmodern-math scale = 0.9999964596882403.


Package fontspec Info: latinmodern-math scale = 0.9999964596882403.


Package fontspec Info: latinmodern-math scale = 0.9999964596882403.


Package fontspec Info: latinmodern-math scale = 0.9999964596882403.


Package fontspec Info: latinmodern-math scale = 0.9999964596882403.


Package fontspec Info: Font family 'latinmodern-math.otf(1)' created for font
(fontspec)             'latinmodern-math.otf' with options
(fontspec)             [Scale=MatchLowercase,Renderer=Basic,BoldItalicFont={},I
talicFont={},SmallCapsFont={},Script=Math,SizeFeatures={{Size=8.5-},{Size=6-8.5
,Font=latinmodern-math.otf,Style=MathScript},{Size=-6,Font=latinmodern-math.otf
,Style=MathScriptScript}},FontAdjustment={\__um_luatex_copy_fontdimens:
(fontspec)             },BoldFont={latinmodern-math.otf}].
(fontspec)              
(fontspec)              This font family consists of the following NFSS
(fontspec)             series/shapes:
(fontspec)              
(fontspec)             - 'normal' (m/n) with NFSS spec.:
(fontspec)             <8.5->s*[0.9999964596882403]"[latinmodern-math.otf]:mode
=base;script=math;language=dflt;"<6-8.5>s*[0.9999964596882403]"[latinmodern-mat
h.otf]:mode=base;script=math;language=dflt;+ssty=0;"<-6>s*[0.9999964596882403]"
[latinmodern-math.otf]:mode=base;script=math;language=dflt;+ssty=1;"
(fontspec)             - 'small caps'  (m/sc) with NFSS spec.: 
(fontspec)             and font adjustment code:
(fontspec)             \__um_luatex_copy_fontdimens: 
(fontspec)             - 'bold' (b/n) with NFSS spec.:
(fontspec)             <->s*[0.9999964596882403]"[latinmodern-math.otf]:mode=ba
se;script=math;language=dflt;"
(fontspec)             - 'bold small caps'  (b/sc) with NFSS spec.: 
(fontspec)             and font adjustment code:
(fontspec)             \__um_luatex_copy_fontdimens: 

LaTeX Font Info:    Font shape `TU/latinmodern-math.otf(1)/m/n' will be
(Font)              scaled to size 10.0pt on input line 6.
LaTeX Font Info:    Encoding `OT1' has changed to `TU' for symbol font
(Font)              `operators' in the math version `normal' on input line 6.
LaTeX Font Info:    Overwriting symbol font `operators' in version `normal'
(Font)                  OT1/lmr/m/n --> TU/latinmodern-math.otf(1)/m/n on input
 line 6.
LaTeX Font Info:    Encoding `OT1' has changed to `TU' for symbol font
(Font)              `operators' in the math version `bold' on input line 6.
LaTeX Font Info:    Overwriting symbol font `operators' in version `bold'
(Font)                  OT1/lmr/bx/n --> TU/latinmodern-math.otf(1)/b/n on inpu
t line 6.

Package fontspec Info: latinmodern-math scale = 0.9999964596882403.


Package fontspec Info: latinmodern-math scale = 1.000096459334209.


Package fontspec Info: latinmodern-math scale = 0.9999964596882403.


Package fontspec Info: latinmodern-math scale = 1.000096459334209.


Package fontspec Info: latinmodern-math scale = 0.9999964596882403.


Package fontspec Info: latinmodern-math scale = 1.000096459334209.


Package fontspec Info: latinmodern-math scale = 0.9999964596882403.


Package fontspec Info: latinmodern-math scale = 1.000096459334209.


Package fontspec Info: latinmodern-math scale = 0.9999964596882403.


Package fontspec Info: latinmodern-math scale = 1.000096459334209.


Package fontspec Info: Font family 'latinmodern-math.otf(2)' created for font
(fontspec)             'latinmodern-math.otf' with options
(fontspec)             [Scale=MatchLowercase,Renderer=Basic,BoldItalicFont={},I
talicFont={},SmallCapsFont={},Script=Math,SizeFeatures={{Size=8.5-},{Size=6-8.5
,Font=latinmodern-math.otf,Style=MathScript},{Size=-6,Font=latinmodern-math.otf
,Style=MathScriptScript}},FontAdjustment={\__um_luatex_copy_fontdimens:
(fontspec)             },BoldFont={latinmodern-math.otf},ScaleAgain=1.0001,Font
Adjustment={\fontdimen
(fontspec)             8\font =6.76999pt\relax \fontdimen 9\font
(fontspec)             =3.93999pt\relax \fontdimen 10\font =4.43999pt\relax
(fontspec)             \fontdimen 11\font =6.85999pt\relax \fontdimen 12\font
(fontspec)             =3.45pt\relax \fontdimen 13\font =3.62999pt\relax
(fontspec)             \fontdimen 14\font =3.62999pt\relax \fontdimen 15\font
(fontspec)             =2.89pt\relax \fontdimen 16\font =2.46999pt\relax
(fontspec)             \fontdimen 17\font =2.46999pt\relax \fontdimen 18\font
(fontspec)             =2.5pt\relax \fontdimen 19\font =2.0pt\relax \fontdimen
(fontspec)             22\font =2.5pt\relax \fontdimen 20\font =0pt\relax
(fontspec)             \fontdimen 21\font =0pt\relax }].
(fontspec)              
(fontspec)              This font family consists of the following NFSS
(fontspec)             series/shapes:
(fontspec)              
(fontspec)             - 'normal' (m/n) with NFSS spec.:
(fontspec)             <8.5->s*[1.000096459334209]"[latinmodern-math.otf]:mode=
base;script=math;language=dflt;"<6-8.5>s*[1.000096459334209]"[latinmodern-math.
otf]:mode=base;script=math;language=dflt;+ssty=0;"<-6>s*[1.000096459334209]"[la
tinmodern-math.otf]:mode=base;script=math;language=dflt;+ssty=1;"
(fontspec)             - 'small caps'  (m/sc) with NFSS spec.: 
(fontspec)             and font adjustment code:
(fontspec)             \__um_luatex_copy_fontdimens: \fontdimen 8\font
(fontspec)             =6.76999pt\relax \fontdimen 9\font =3.93999pt\relax
(fontspec)             \fontdimen 10\font =4.43999pt\relax \fontdimen 11\font
(fontspec)             =6.85999pt\relax \fontdimen 12\font =3.45pt\relax
(fontspec)             \fontdimen 13\font =3.62999pt\relax \fontdimen 14\font
(fontspec)             =3.62999pt\relax \fontdimen 15\font =2.89pt\relax
(fontspec)             \fontdimen 16\font =2.46999pt\relax \fontdimen 17\font
(fontspec)             =2.46999pt\relax \fontdimen 18\font =2.5pt\relax
(fontspec)             \fontdimen 19\font =2.0pt\relax \fontdimen 22\font
(fontspec)             =2.5pt\relax \fontdimen 20\font =0pt\relax \fontdimen
(fontspec)             21\font =0pt\relax 
(fontspec)             - 'bold' (b/n) with NFSS spec.:
(fontspec)             <->s*[1.000096459334209]"[latinmodern-math.otf]:mode=bas
e;script=math;language=dflt;"
(fontspec)             - 'bold small caps'  (b/sc) with NFSS spec.: 
(fontspec)             and font adjustment code:
(fontspec)             \__um_luatex_copy_fontdimens: \fontdimen 8\font
(fontspec)             =6.76999pt\relax \fontdimen 9\font =3.93999pt\relax
(fontspec)             \fontdimen 10\font =4.43999pt\relax \fontdimen 11\font
(fontspec)             =6.85999pt\relax \fontdimen 12\font =3.45pt\relax
(fontspec)             \fontdimen 13\font =3.62999pt\relax \fontdimen 14\font
(fontspec)             =3.62999pt\relax \fontdimen 15\font =2.89pt\relax
(fontspec)             \fontdimen 16\font =2.46999pt\relax \fontdimen 17\font
(fontspec)             =2.46999pt\relax \fontdimen 18\font =2.5pt\relax
(fontspec)             \fontdimen 19\font =2.0pt\relax \fontdimen 22\font
(fontspec)             =2.5pt\relax \fontdimen 20\font =0pt\relax \fontdimen
(fontspec)             21\font =0pt\relax 

LaTeX Font Info:    Encoding `OMS' has changed to `TU' for symbol font
(Font)              `symbols' in the math version `normal' on input line 6.
LaTeX Font Info:    Overwriting symbol font `symbols' in version `normal'
(Font)                  OMS/lmsy/m/n --> TU/latinmodern-math.otf(2)/m/n on inpu
t line 6.
LaTeX Font Info:    Encoding `OMS' has changed to `TU' for symbol font
(Font)              `symbols' in the math version `bold' on input line 6.
LaTeX Font Info:    Overwriting symbol font `symbols' in version `bold'
(Font)                  OMS/lmsy/b/n --> TU/latinmodern-math.otf(2)/b/n on inpu
t line 6.

Package fontspec Info: latinmodern-math scale = 0.9999964596882403.


Package fontspec Info: latinmodern-math scale = 0.9998964600422715.


Package fontspec Info: latinmodern-math scale = 0.9999964596882403.


Package fontspec Info: latinmodern-math scale = 0.9998964600422715.


Package fontspec Info: latinmodern-math scale = 0.9999964596882403.


Package fontspec Info: latinmodern-math scale = 0.9998964600422715.


Package fontspec Info: latinmodern-math scale = 0.9999964596882403.


Package fontspec Info: latinmodern-math scale = 0.9998964600422715.


Package fontspec Info: latinmodern-math scale = 0.9999964596882403.


Package fontspec Info: latinmodern-math scale = 0.9998964600422715.


Package fontspec Info: Font family 'latinmodern-math.otf(3)' created for font
(fontspec)             'latinmodern-math.otf' with options
(fontspec)             [Scale=MatchLowercase,Renderer=Basic,BoldItalicFont={},I
talicFont={},SmallCapsFont={},Script=Math,SizeFeatures={{Size=8.5-},{Size=6-8.5
,Font=latinmodern-math.otf,Style=MathScript},{Size=-6,Font=latinmodern-math.otf
,Style=MathScriptScript}},FontAdjustment={\__um_luatex_copy_fontdimens:
(fontspec)             },BoldFont={latinmodern-math.otf},ScaleAgain=0.9999,Font
Adjustment={\fontdimen
(fontspec)             8\font =0.4pt\relax \fontdimen 9\font =2.0pt\relax
(fontspec)             \fontdimen 10\font =1.67pt\relax \fontdimen 11\font
(fontspec)             =1.10999pt\relax \fontdimen 12\font =6.0pt\relax
(fontspec)             \fontdimen 13\font =0pt\relax }].
(fontspec)              
(fontspec)              This font family consists of the following NFSS
(fontspec)             series/shapes:
(fontspec)              
(fontspec)             - 'normal' (m/n) with NFSS spec.:
(fontspec)             <8.5->s*[0.9998964600422715]"[latinmodern-math.otf]:mode
=base;script=math;language=dflt;"<6-8.5>s*[0.9998964600422715]"[latinmodern-mat
h.otf]:mode=base;script=math;language=dflt;+ssty=0;"<-6>s*[0.9998964600422715]"
[latinmodern-math.otf]:mode=base;script=math;language=dflt;+ssty=1;"
(fontspec)             - 'small caps'  (m/sc) with NFSS spec.: 
(fontspec)             and font adjustment code:
(fontspec)             \__um_luatex_copy_fontdimens: \fontdimen 8\font
(fontspec)             =0.4pt\relax \fontdimen 9\font =2.0pt\relax \fontdimen
(fontspec)             10\font =1.67pt\relax \fontdimen 11\font
(fontspec)             =1.10999pt\relax \fontdimen 12\font =6.0pt\relax
(fontspec)             \fontdimen 13\font =0pt\relax 
(fontspec)             - 'bold' (b/n) with NFSS spec.:
(fontspec)             <->s*[0.9998964600422715]"[latinmodern-math.otf]:mode=ba
se;script=math;language=dflt;"
(fontspec)             - 'bold small caps'  (b/sc) with NFSS spec.: 
(fontspec)             and font adjustment code:
(fontspec)             \__um_luatex_copy_fontdimens: \fontdimen 8\font
(fontspec)             =0.4pt\relax \fontdimen 9\font =2.0pt\relax \fontdimen
(fontspec)             10\font =1.67pt\relax \fontdimen 11\font
(fontspec)             =1.10999pt\relax \fontdimen 12\font =6.0pt\relax
(fontspec)             \fontdimen 13\font =0pt\relax 

LaTeX Font Info:    Encoding `OMX' has changed to `TU' for symbol font
(Font)              `largesymbols' in the math version `normal' on input line 6
.
LaTeX Font Info:    Overwriting symbol font `largesymbols' in version `normal'
(Font)                  OMX/lmex/m/n --> TU/latinmodern-math.otf(3)/m/n on inpu
t line 6.
LaTeX Font Info:    Encoding `OMX' has changed to `TU' for symbol font
(Font)              `largesymbols' in the math version `bold' on input line 6.
LaTeX Font Info:    Overwriting symbol font `largesymbols' in version `bold'
(Font)                  OMX/lmex/m/n --> TU/latinmodern-math.otf(3)/b/n on inpu
t line 6.
LaTeX Font Info:    Font shape `TU/latinmodern-math.otf(1)/m/n' will be
(Font)              scaled to size 7.0pt on input line 6.
LaTeX Font Info:    Font shape `TU/latinmodern-math.otf(1)/m/n' will be
(Font)              scaled to size 5.0pt on input line 6.
LaTeX Font Info:    Trying to load font information for OML+lmm on input line 6
.
 (/usr/share/texmf-dist/tex/latex/lm/omllmm.fd
File: omllmm.fd 2015/05/01 v1.6.1 Font defs for Latin Modern
)
LaTeX Font Info:    Font shape `TU/latinmodern-math.otf(2)/m/n' will be
(Font)              scaled to size 10.00092pt on input line 6.
LaTeX Font Info:    Font shape `TU/latinmodern-math.otf(2)/m/n' will be
(Font)              scaled to size 7.00064pt on input line 6.
LaTeX Font Info:    Font shape `TU/latinmodern-math.otf(2)/m/n' will be
(Font)              scaled to size 5.00046pt on input line 6.
LaTeX Font Info:    Font shape `TU/latinmodern-math.otf(3)/m/n' will be
(Font)              scaled to size 9.99893pt on input line 6.
LaTeX Font Info:    Font shape `TU/latinmodern-math.otf(3)/m/n' will be
(Font)              scaled to size 6.99925pt on input line 6.
LaTeX Font Info:    Font shape `TU/latinmodern-math.otf(3)/m/n' will be
(Font)              scaled to size 4.99947pt on input line 6.
LaTeX Font Info:    Trying to load font information for U+msa on input line 6.

(/usr/share/texmf-dist/tex/latex/amsfonts/umsa.fd
File: umsa.fd 2013/01/14 v3.01 AMS symbols A
)
LaTeX Font Info:    Trying to load font information for U+msb on input line 6.

(/usr/share/texmf-dist/tex/latex/amsfonts/umsb.fd
File: umsb.fd 2013/01/14 v3.01 AMS symbols B
)
LaTeX Info: Redefining \microtypecontext on input line 6.
Package microtype Info: Applying patch `item' on input line 6.
Package microtype Info: Applying patch `toc' on input line 6.
Package microtype Info: Applying patch `eqnum' on input line 6.
Package microtype Info: Applying patch `footnote' on input line 6.
Package microtype Info: Applying patch `verbatim' on input line 6.
Package microtype Info: Generating PDF output.
Package microtype Info: Character protrusion enabled (level 2).
Package microtype Info: Using protrusion set `basicmath'.
Package microtype Info: Automatic font expansion enabled (level 2),
(microtype)             stretch: 20, shrink: 20, step: 1, non-selected.
Package microtype Info: Using default expansion set `alltext-nott'.
LaTeX Info: Redefining \showhyphens on input line 6.
Package microtype Info: No adjustment of tracking.
Package microtype Info: No adjustment of spacing.
Package microtype Info: No adjustment of kerning.

(/usr/share/texmf-dist/tex/latex/microtype/mt-LatinModernRoman.cfg
File: mt-LatinModernRoman.cfg 2021/02/21 v1.1 microtype config. file: Latin Mod
ern Roman (RS)
)
(/usr/share/texmf-dist/tex/context/base/mkii/supp-pdf.mkii
[Loading MPS to PDF converter (version 2006.09.02).]
\scratchcounter=\count323
\scratchdimen=\dimen190
\scratchbox=\box65
\nofMPsegments=\count324
\nofMParguments=\count325
\everyMPshowfont=\toks30
\MPscratchCnt=\count326
\MPscratchDim=\dimen191
\MPnumerator=\count327
\makeMPintoPDFobject=\count328
\everyMPtoPDFconversion=\toks31
) (/usr/share/texmf-dist/tex/latex/epstopdf-pkg/epstopdf-base.sty
Package: epstopdf-base 2020-01-24 v2.11 Base part for package epstopdf
Package epstopdf-base Info: Redefining graphics rule for `.eps' on input line 4
85.

(/usr/share/texmf-dist/tex/latex/latexconfig/epstopdf-sys.cfg
File: epstopdf-sys.cfg 2010/07/13 v1.3 Configuration of (r)epstopdf for TeX Liv
e
))
\c@lstlisting=\count329
Package hyperref Info: Link coloring OFF on input line 6.

*geometry* driver: auto-detecting
*geometry* detected driver: luatex
*geometry* verbose mode - [ preamble ] result:
* driver: luatex
* paper: a4paper
* layout: <same size as paper>
* layoutoffset:(h,v)=(0.0pt,0.0pt)
* modes: 
* h-part:(L,W,R)=(68.28644pt, 460.935pt, 68.28644pt)
* v-part:(T,H,B)=(68.28644pt, 708.47397pt, 68.28644pt)
* \paperwidth=597.50787pt
* \paperheight=845.04684pt
* \textwidth=460.935pt
* \textheight=708.47397pt
* \oddsidemargin=-3.98355pt
* \evensidemargin=-3.98355pt
* \topmargin=-40.98355pt
* \headheight=12.0pt
* \headsep=25.0pt
* \topskip=10.0pt
* \footskip=30.0pt
* \marginparwidth=57.0pt
* \marginparsep=11.0pt
* \columnsep=10.0pt
* \skip\footins=9.0pt plus 4.0pt minus 2.0pt
* \hoffset=0.0pt
* \voffset=0.0pt
* \mag=1000
* \@twocolumnfalse
* \@twosidefalse
* \@mparswitchfalse
* \@reversemarginfalse
* (1in=72.27pt=25.4mm, 1cm=28.453pt)

LaTeX Font Info:    Font shape `TU/latinmodern-math.otf(1)/m/n' will be
(Font)              scaled to size 12.0pt on input line 8.
LaTeX Font Info:    Font shape `TU/latinmodern-math.otf(1)/m/n' will be
(Font)              scaled to size 8.0pt on input line 8.
LaTeX Font Info:    Font shape `TU/latinmodern-math.otf(1)/m/n' will be
(Font)              scaled to size 6.0pt on input line 8.
LaTeX Font Info:    Font shape `TU/latinmodern-math.otf(2)/m/n' will be
(Font)              scaled to size 12.0011pt on input line 8.
LaTeX Font Info:    Font shape `TU/latinmodern-math.otf(2)/m/n' will be
(Font)              scaled to size 8.00073pt on input line 8.
LaTeX Font Info:    Font shape `TU/latinmodern-math.otf(2)/m/n' will be
(Font)              scaled to size 6.00055pt on input line 8.
LaTeX Font Info:    Font shape `TU/latinmodern-math.otf(3)/m/n' will be
(Font)              scaled to size 11.99872pt on input line 8.
LaTeX Font Info:    Font shape `TU/latinmodern-math.otf(3)/m/n' will be
(Font)              scaled to size 7.99915pt on input line 8.
LaTeX Font Info:    Font shape `TU/latinmodern-math.otf(3)/m/n' will be
(Font)              scaled to size 5.99936pt on input line 8.
(/usr/share/texmf-dist/tex/latex/microtype/mt-msa.cfg
File: mt-msa.cfg 2006/02/04 v1.1 microtype config. file: AMS symbols (a) (RS)
)
(/usr/share/texmf-dist/tex/latex/microtype/mt-msb.cfg
File: mt-msb.cfg 2005/06/01 v1.0 microtype config. file: AMS symbols (b) (RS)
) (./abstract.tex)
[1

{/usr/share/texmf-var/fonts/map/pdftex/updmap/pdftex.map}] (./main.toc
[2] [3] [4] [5] [6])
\tf@toc=\write3

\openout3 = main.toc
 [7] (./sec1.tex) (./sec2.tex [8]
Underfull \hbox (badness 1147) in paragraph at lines 85--90
[]\TU/lmr/m/n/10 Run your ter-mi-nal and type [][][][][][], Ctrl+Shift+V. Then 
the line will be [][][][][]
 []

) (./sec3.tex [9] (/usr/share/texmf-dist/tex/latex/listings/lstlang1.sty
File: lstlang1.sty 2023/02/27 1.9 listings language file
)
(/usr/share/texmf-dist/tex/latex/listings/lstmisc.sty
File: lstmisc.sty 2023/02/27 1.9 (Carsten Heinz)
)
Underfull \hbox (badness 1394) in paragraph at lines 84--90
[]\TU/lmr/m/n/10 No-tice: If your GLib-2.0 ver-sion is older than 2.74, use [][
][] in-stead of
 []

[10] [11] [12]
<../image/window_widget.png, id=794, 144.54pt x 96.36pt>
File: ../image/window_widget.png Graphic file (type png)
<use ../image/window_widget.png>
Package luatex.def Info: ../image/window_widget.png  used on input line 360.
(luatex.def)             Requested size: 256.08939pt x 170.71594pt.
 [13<../image/window_widget.png>]
<../image/screenshot_pr3.png, id=824, 220.825pt x 255.95625pt>
File: ../image/screenshot_pr3.png Graphic file (type png)
<use ../image/screenshot_pr3.png>
Package luatex.def Info: ../image/screenshot_pr3.png  used on input line 455.
(luatex.def)             Requested size: 93.89487pt x 108.83269pt.
 [14<../image/screenshot_pr3.png>]
<../image/screenshot_pr4.png, id=838, 421.575pt x 356.33125pt>
File: ../image/screenshot_pr4.png Graphic file (type png)
<use ../image/screenshot_pr4.png>
Package luatex.def Info: ../image/screenshot_pr4.png  used on input line 493.
(luatex.def)             Requested size: 179.25383pt x 151.50673pt.
) (./sec4.tex [15<../image/screenshot_pr4.png>]
<../image/screenshot_lb1.png, id=876, 421.575pt x 356.33125pt>
File: ../image/screenshot_lb1.png Graphic file (type png)
<use ../image/screenshot_lb1.png>
Package luatex.def Info: ../image/screenshot_lb1.png  used on input line 56.
(luatex.def)             Requested size: 179.25383pt x 151.50673pt.
 [16<../image/screenshot_lb1.png>]
<../image/screenshot_lb2.png, id=915, 749.80125pt x 464.73625pt>
File: ../image/screenshot_lb2.png Graphic file (type png)
<use ../image/screenshot_lb2.png>
Package luatex.def Info: ../image/screenshot_lb2.png  used on input line 179.
(luatex.def)             Requested size: 318.81577pt x 197.59892pt.
 [17] [18<../image/screenshot_lb2.png>]
Underfull \hbox (badness 1466) in paragraph at lines 260--276
[][][][] \TU/lmr/m/n/10 has the sec-ond pa-ram-e-ter, which comes from the fourt
h ar-gu-ment of the
 []

<../image/box.png, id=1001, 124.0635pt x 33.0033pt>
File: ../image/box.png Graphic file (type png)
<use ../image/box.png>
Package luatex.def Info: ../image/box.png  used on input line 318.
(luatex.def)             Requested size: 219.7987pt x 58.47574pt.
[19<../image/box.png>] [20]
<../image/screenshot_lb4.png, id=1083, 421.575pt x 356.33125pt>
File: ../image/screenshot_lb4.png Graphic file (type png)
<use ../image/screenshot_lb4.png>
Package luatex.def Info: ../image/screenshot_lb4.png  used on input line 440.
(luatex.def)             Requested size: 179.25383pt x 151.50673pt.
) (./sec5.tex [21<../image/screenshot_lb4.png>]
<../image/screenshot_tfv1.png, id=1122, 429.605pt x 367.3725pt>
File: ../image/screenshot_tfv1.png Graphic file (type png)
<use ../image/screenshot_tfv1.png>
Package luatex.def Info: ../image/screenshot_tfv1.png  used on input line 94.
(luatex.def)             Requested size: 179.25291pt x 151.51498pt.

[22] [23<../image/screenshot_tfv1.png>]) (./sec6.tex [24] [25] [26])
(./sec7.tex [27] [28]
<../image/screenshot_tfv3.png, id=1374, 421.575pt x 356.33125pt>
File: ../image/screenshot_tfv3.png Graphic file (type png)
<use ../image/screenshot_tfv3.png>
Package luatex.def Info: ../image/screenshot_tfv3.png  used on input line 204.
(luatex.def)             Requested size: 179.25383pt x 151.50673pt.
 [29]
<../image/screenshot_gtk_notebook.png, id=1428, 211.992pt x 85.5195pt>
File: ../image/screenshot_gtk_notebook.png Graphic file (type png)
<use ../image/screenshot_gtk_notebook.png>
Package luatex.def Info: ../image/screenshot_gtk_notebook.png  used on input li
ne 329.
(luatex.def)             Requested size: 375.61397pt x 151.51692pt.
 [30<../image/screenshot_tfv3.png>] [31<../image/screenshot_gtk_notebook.png>]) (./sec8.tex [32]
<../image/child.png, id=1546, 155.3805pt x 78.5334pt>
File: ../image/child.png Graphic file (type png)
<use ../image/child.png>
Package luatex.def Info: ../image/child.png  used on input line 74.
(luatex.def)             Requested size: 275.28897pt x 139.13712pt.
 [33<../image/child.png>] [34]
[35] [36] [37]) (./sec9.tex
<../image/screenshot_tfe2.png, id=1754, 622.325pt x 456.70625pt>
File: ../image/screenshot_tfe2.png Graphic file (type png)
<use ../image/screenshot_tfe2.png>
Package luatex.def Info: ../image/screenshot_tfe2.png  used on input line 13.
(luatex.def)             Requested size: 264.61281pt x 194.1847pt.
 [38] [39<../image/screenshot_tfe2.png>]
(/usr/share/texmf-dist/tex/latex/listings/lstlang1.sty
File: lstlang1.sty 2023/02/27 1.9 listings language file
)
(/usr/share/texmf-dist/tex/latex/listings/lstmisc.sty
File: lstmisc.sty 2023/02/27 1.9 (Carsten Heinz)
) [40] [41] [42] [43]
Overfull \hbox (26.79677pt too wide) in paragraph at lines 430--433
\TU/lmr/m/n/10 Gtk-Builder can build wid-gets with string. Use [][][] in-stead 
of [][][]. 
 []

[44]
Overfull \hbox (33.69328pt too wide) in paragraph at lines 497--502
[]\TU/lmr/m/n/10 4: The name of the gre-source is [][][][][]. The re-source will
 be pointed with [][][][][][][][][][][][][][]
 []

[45]) (./sec10.tex [46] [47] [48]) (./sec11.tex [49] [50]
<../image/TfeTextView.png, id=2347, 1003.75pt x 150.5625pt>
File: ../image/TfeTextView.png Graphic file (type png)
<use ../image/TfeTextView.png>
Package luatex.def Info: ../image/TfeTextView.png  used on input line 122.
(luatex.def)             Requested size: 409.44188pt x 61.45763pt.
 [51<../image/TfeTextView.png>] [52] [53] [54] [55]
<../image/TfeTextViewClass.png, id=2574, 1100.11pt x 558.085pt>
File: ../image/TfeTextViewClass.png Graphic file (type png)
<use ../image/TfeTextViewClass.png>
Package luatex.def Info: ../image/TfeTextViewClass.png  used on input line 541.

(luatex.def)             Requested size: 455.81534pt x 237.29794pt.
<../image/refcount.png, id=2575, 1060.96375pt x 165.61874pt>
File: ../image/refcount.png Graphic file (type png)
<use ../image/refcount.png>
Package luatex.def Info: ../image/refcount.png  used on input line 567.
(luatex.def)             Requested size: 451.12218pt x 70.42114pt.
 [56<../image/TfeTextViewClass.png><../image/refcount.png>]
<../image/dispose_handler.png, id=2587, 998.73125pt x 298.11375pt>
File: ../image/dispose_handler.png Graphic file (type png)
<use ../image/dispose_handler.png>
Package luatex.def Info: ../image/dispose_handler.png  used on input line 639.
(luatex.def)             Requested size: 424.66089pt x 126.75807pt.
) (./sec12.tex [57<../image/dispose_handler.png>]
Underfull \hbox (badness 2181) in paragraph at lines 13--21
[]\TU/lmr/m/n/10 In-stance meth-ods: In-stance meth-ods are func-tions on in-sta
nces. For ex-am-ple, [][][][][]
 []

[58] [59]) (./sec13.tex [60] [61] [62] [63] [64]
Overfull \hbox (9.0216pt too wide) in paragraph at lines 480--497
[]\TU/lmr/m/n/10 5-6: Gtk-TextBuffer [][][] and Gtk-Wid-get (Gtk-Win-dow) [][][
] are set. The func-tion [][]
 []


Underfull \hbox (badness 2181) in paragraph at lines 480--497
[][][][][][][][][][][][][][][][][] \TU/lmr/m/n/10 pos-si-bly re-turns Gtk-Win-do
w or
 []

[65]
<../image/saveas.png, id=2873, 626.34pt x 271.0125pt>
File: ../image/saveas.png Graphic file (type png)
<use ../image/saveas.png>
Package luatex.def Info: ../image/saveas.png  used on input line 578.
(luatex.def)             Requested size: 304.45308pt x 146.82011pt.
 [66<../image/saveas.png>] [67]
<../image/open.png, id=2931, 852.18375pt x 644.4075pt>
File: ../image/open.png Graphic file (type png)
<use ../image/open.png>
Package luatex.def Info: ../image/open.png  used on input line 777.
(luatex.def)             Requested size: 352.96048pt x 262.48804pt.
 [68<../image/open.png>]) (./sec14.tex
[69] [70] [71] [72] [73]) (./sec15.tex [74] [75]
Overfull \hbox (25.74684pt too wide) in paragraph at lines 208--214
\TU/lmr/m/n/10 Gtk-Style-Con-text is dep-re-cated since ver-sion 4.10. But two 
func-tions [][][]
 []


Overfull \hbox (8.45628pt too wide) in paragraph at lines 241--249
[]\TU/lmr/m/n/10 31: Adds the provider to the dis-play. The last ar-gu-ment of 
[][][]
 []

[76]
Underfull \hbox (badness 1231) in paragraph at lines 337--344
[]\TU/lmr/m/n/10 When first in-stance is launched, then it reg-is-ters it-self 
with its ap-pli-ca-tion ID (for ex-am-ple,
 []

[77]) (./sec16.tex [78]) (./sec17.tex
<../image/menu.png, id=3321, 400.49625pt x 338.26375pt>
File: ../image/menu.png Graphic file (type png)
<use ../image/menu.png>
Package luatex.def Info: ../image/menu.png  used on input line 10.
(luatex.def)             Requested size: 170.29115pt x 143.82986pt.
<../image/menu_structure.png, id=3322, 684.5575pt x 238.8925pt>
File: ../image/menu_structure.png Graphic file (type png)
<use ../image/menu_structure.png>
Package luatex.def Info: ../image/menu_structure.png  used on input line 30.
(luatex.def)             Requested size: 291.0741pt x 101.57352pt.
 [79] [80<../image/menu.png><../image/menu_structure.png>] [81] [82]
<../image/menu1.png, id=3436, 840.13875pt x 219.82124pt>
File: ../image/menu1.png Graphic file (type png)
<use ../image/menu1.png>
Package luatex.def Info: ../image/menu1.png  used on input line 376.
(luatex.def)             Requested size: 357.22731pt x 93.4647pt.
 [83<../image/menu1.png>]
<../image/menu1_screenshot.png, id=3458, 401.5pt x 342.27875pt>
File: ../image/menu1_screenshot.png Graphic file (type png)
<use ../image/menu1_screenshot.png>
Package luatex.def Info: ../image/menu1_screenshot.png  used on input line 395.

(luatex.def)             Requested size: 170.71794pt x 145.53703pt.
<../image/menu1_two_windows.png, id=3459, 803.0pt x 468.75125pt>
File: ../image/menu1_two_windows.png Graphic file (type png)
<use ../image/menu1_two_windows.png>
Package luatex.def Info: ../image/menu1_two_windows.png  used on input line 442
.
(luatex.def)             Requested size: 341.4359pt x 199.163pt.
) (./sec18.tex [84<../image/menu1_screenshot.png>] [85<../image/menu1_two_window
s.png>]
Overfull \hbox (13.56905pt too wide) in paragraph at lines 183--202
[]\TU/lmr/m/n/10 The vari-able [][][] points a GSim-ple-Ac-tion in-stance. It is
 cre-ated with [][][].
 []

[86] [87]
<../image/menu2.png, id=3539, 403.5075pt x 342.27875pt>
File: ../image/menu2.png Graphic file (type png)
<use ../image/menu2.png>
Package luatex.def Info: ../image/menu2.png  used on input line 337.
(luatex.def)             Requested size: 171.57153pt x 145.53703pt.
 [88<../image/menu2.png>] [89] [90]) (./sec19.tex [91]
<../image/menu3.png, id=3715, 401.5pt x 338.26375pt>
File: ../image/menu3.png Graphic file (type png)
<use ../image/menu3.png>
Package luatex.def Info: ../image/menu3.png  used on input line 73.
(luatex.def)             Requested size: 170.71794pt x 143.82986pt.
 [92<../image/menu3.png>] [93] [94] [95] [96]) (./sec20.tex
<../image/alert.png, id=3980, 277.035pt x 112.42pt>
File: ../image/alert.png Graphic file (type png)
<use ../image/alert.png>
Package luatex.def Info: ../image/alert.png  used on input line 41.
(luatex.def)             Requested size: 119.49895pt x 48.3688pt.
 [97<../image/alert.png>] [98]
<../image/dialog_warning.png, id=4058, 100.9371pt x 39.0258pt>
File: ../image/dialog_warning.png Graphic file (type png)
<use ../image/dialog_warning.png>
Package luatex.def Info: ../image/dialog_warning.png  used on input line 190.
(luatex.def)             Requested size: 119.22487pt x 46.09589pt.

[99<../image/dialog_warning.png>] [100] [101]
Underfull \hbox (badness 2401) in paragraph at lines 408--413
[]\TU/lmr/m/n/10 The func-tion [][][] ini-tial-izes the newly cre-ated in-stance
. You need to call
 []

[102] [103] [104]) (./sec21.tex
<../image/pref_dialog.png, id=4336, 248.93pt x 97.36375pt>
File: ../image/pref_dialog.png Graphic file (type png)
<use ../image/pref_dialog.png>
Package luatex.def Info: ../image/pref_dialog.png  used on input line 10.
(luatex.def)             Requested size: 113.81409pt x 45.52325pt.
<../image/fontdialog.png, id=4337, 419.5675pt x 492.84125pt>
File: ../image/fontdialog.png Graphic file (type png)
<use ../image/fontdialog.png>
Package luatex.def Info: ../image/fontdialog.png  used on input line 22.
(luatex.def)             Requested size: 178.40025pt x 209.98492pt.
 [105<../image/pref_dialog.png>] [106<../image/fontdialog.png>] [107]
Overfull \hbox (91.1746pt too wide) in paragraph at lines 208--219
[]\TU/lmr/m/n/10 The func-tion [][][] ini-tial-izes the TfePref class. The func-
tion [][][]
 []


Overfull \hbox (68.72371pt too wide) in paragraph at lines 208--219
\TU/lmr/m/n/10 ini-tial-izes the com-pos-ite wid-get tem-plate from the XML re-s
ource. The func-tion [][][]
 []


Overfull \hbox (5.2966pt too wide) in paragraph at lines 219--224
[]\TU/lmr/m/n/10 The func-tion [][][] ini-tial-izes a newly cre-ated in-stance. The func-tion [][][]
 []


Overfull \hbox (10.14503pt too wide) in paragraph at lines 267--271
[][][][] \TU/lmr/m/n/10 re-turns a Pan-goStretch con-stant like [][][]. 
 []

[108] [109]
<../image/gnome_calculator_basic.png, id=4509, 357.335pt x 399.4925pt>
File: ../image/gnome_calculator_basic.png Graphic file (type png)
<use ../image/gnome_calculator_basic.png>
Package luatex.def Info: ../image/gnome_calculator_basic.png  used on input lin
e 464.
(luatex.def)             Requested size: 151.93896pt x 169.86435pt.
<../image/gnome_calculator_advanced.png, id=4510, 718.685pt x 477.785pt>
File: ../image/gnome_calculator_advanced.png Graphic file (type png)
<use ../image/gnome_calculator_advanced.png>
Package luatex.def Info: ../image/gnome_calculator_advanced.png  used on input 
line 472.
(luatex.def)             Requested size: 305.58513pt x 203.14706pt.
 [110<../image/gnome_calculator_basic.png>]
Underfull \hbox (badness 1389) in paragraph at lines 565--571
[]\TU/lmr/m/n/10 It searches [][][][][] sub-di-rec-to-ries of all the di-rec-to-
ries spec-i-fied in the en-vi-ron-
 []


Underfull \hbox (badness 3482) in paragraph at lines 565--571
\TU/lmr/m/n/10 ment vari-able [][][]. Com-mon di-rec-tores are [][][][][][][][]
[][] and
 []

[111<../image/gnome_calculator_advanced.png>] [112] [113] [114] [115] [116])
(./sec22.tex
<../image/tfe6.png, id=4781, 606.265pt x 442.65375pt>
File: ../image/tfe6.png Graphic file (type png)
<use ../image/tfe6.png>
Package luatex.def Info: ../image/tfe6.png  used on input line 10.
(luatex.def)             Requested size: 257.7841pt x 188.21652pt.
 [117<../image/tfe6.png>] [118] [119] [120] [121] [122] [123]
[124] [125] [126] [127] [128] [129] [130] [131]) (./sec23.tex [132] [133]
[134] [135]
Overfull \hbox (8.86978pt too wide) in paragraph at lines 362--363
[][][][][][][][]  
 []


Overfull \hbox (8.86978pt too wide) in paragraph at lines 365--367
[][][][][][][][]  
 []

[136] [137] [138] [139]) (./sec24.tex
<../image/cairo.png, id=5960, 144.54pt x 96.36pt>
File: ../image/cairo.png Graphic file (type png)
<use ../image/cairo.png>
Package luatex.def Info: ../image/cairo.png  used on input line 60.
(luatex.def)             Requested size: 256.08939pt x 170.71594pt.
 [140] [141<../image/cairo.png>]
<../image/rectangle.png, id=6025, 100.375pt x 100.375pt>
File: ../image/rectangle.png Graphic file (type png)
<use ../image/rectangle.png>
Package luatex.def Info: ../image/rectangle.png  used on input line 195.
(luatex.def)             Requested size: 100.37474pt x 100.37474pt.
 [142<../image/rectangle.png>]
<../image/da1.png, id=6057, 235.6002pt x 98.769pt>
File: ../image/da1.png Graphic file (type png)
<use ../image/da1.png>
Package luatex.def Info: ../image/da1.png  used on input line 309.
(luatex.def)             Requested size: 227.62598pt x 96.7417pt.
) (./sec25.tex [143] [144<../image/da1.png>] [145] [146]
[147] [148] [149]) (./sec26.tex
<../image/cd0.png, id=6445, 401.5pt x 323.2075pt>
File: ../image/cd0.png Graphic file (type png)
<use ../image/cd0.png>
Package luatex.def Info: ../image/cd0.png  used on input line 11.
(luatex.def)             Requested size: 170.71794pt x 137.42795pt.
<../image/cd1.png, id=6446, 401.5pt x 323.2075pt>
File: ../image/cd1.png Graphic file (type png)
<use ../image/cd1.png>
Package luatex.def Info: ../image/cd1.png  used on input line 19.
(luatex.def)             Requested size: 170.71794pt x 137.42795pt.
<../image/cd2.png, id=6447, 401.5pt x 323.2075pt>
File: ../image/cd2.png Graphic file (type png)
<use ../image/cd2.png>
Package luatex.def Info: ../image/cd2.png  used on input line 27.
(luatex.def)             Requested size: 170.71794pt x 137.42795pt.
 [150<../image/cd0.png><../image/cd1.png>]
[151<../image/cd2.png>] [152] [153] [154]
<../image/rect.png, id=6637, 831.105pt x 668.4975pt>
File: ../image/rect.png Graphic file (type png)
<use ../image/rect.png>
Package luatex.def Info: ../image/rect.png  used on input line 502.
(luatex.def)             Requested size: 352.81548pt x 284.53099pt.
) (./sec27.tex [155]
<../src/turtle/image/turtle_koch.png, id=6688, 803.0pt x 512.91624pt>
File: ../src/turtle/image/turtle_koch.png Graphic file (type png)
<use ../src/turtle/image/turtle_koch.png>
Package luatex.def Info: ../src/turtle/image/turtle_koch.png  used on input lin
e 11.
(luatex.def)             Requested size: 227.61984pt x 145.39217pt.
<../image/turtle_snow.png, id=6689, 803.0pt x 511.9125pt>
File: ../image/turtle_snow.png Graphic file (type png)
<use ../image/turtle_snow.png>
Package luatex.def Info: ../image/turtle_snow.png  used on input line 20.
(luatex.def)             Requested size: 227.61984pt x 145.38885pt.
 [156<../image/rect.png><../src/turtle/image/turtle_koch.png>]
<../image/turtle.png, id=6698, 144.54pt x 96.36pt>
File: ../image/turtle.png Graphic file (type png)
<use ../image/turtle.png>
Package luatex.def Info: ../image/turtle.png  used on input line 90.
(luatex.def)             Requested size: 144.53963pt x 96.35974pt.
 [157<../image/turtle_snow.png><../image/turtle.png>] [158]
<../image/turtle_parser_tree.png, id=6771, 1003.75pt x 447.6725pt>
File: ../image/turtle_parser_tree.png Graphic file (type png)
<use ../image/turtle_parser_tree.png>
Package luatex.def Info: ../image/turtle_parser_tree.png  used on input line 30
4.
(luatex.def)             Requested size: 341.43896pt x 151.94022pt.
 [159]
<../image/turtle_compile_process.png, id=6799, 192.72pt x 144.54pt>
File: ../image/turtle_compile_process.png Graphic file (type png)
<use ../image/turtle_compile_process.png>
Package luatex.def Info: ../image/turtle_compile_process.png  used on input lin
e 427.
(luatex.def)             Requested size: 341.43195pt x 256.08939pt.
 [160<../image/turtle_parser_tree.png>] [161<../image/turtle_compile_process.png
>] [162] [163] [164] [165] [166]
Overfull \hbox (0.6031pt too wide) in paragraph at lines 1027--1028
 []\TU/lmr/m/n/10 S/R 
 []

[167] [168] [169] [170] [171] [172]
<../image/tree.png, id=7256, 156.8259pt x 131.5314pt>
File: ../image/tree.png Graphic file (type png)
<use ../image/tree.png>
Package luatex.def Info: ../image/tree.png  used on input line 1540.
(luatex.def)             Requested size: 185.24197pt x 155.37027pt.
 [173<../image/tree.png>] [174] [175]
[176] [177]
<../image/stack.png, id=7506, 144.54pt x 126.9543pt>
File: ../image/stack.png Graphic file (type png)
<use ../image/stack.png>
Package luatex.def Info: ../image/stack.png  used on input line 1926.
(luatex.def)             Requested size: 188.93633pt x 229.04445pt.
 [178<../image/stack.png>] [179]
<../image/transformation.png, id=7582, 420.57124pt x 135.50626pt>
File: ../image/transformation.png Graphic file (type png)
<use ../image/transformation.png>
Package luatex.def Info: ../image/transformation.png  used on input line 2070.
(luatex.def)             Requested size: 179.2506pt x 58.04323pt.
 [180<../image/transformation.png>]
[181] [182] [183] [184]
<../image/tree2.png, id=7876, 240.9pt x 120.45pt>
File: ../image/tree2.png Graphic file (type png)
<use ../image/tree2.png>
Package luatex.def Info: ../image/tree2.png  used on input line 2420.
(luatex.def)             Requested size: 284.55359pt x 170.73325pt.
<../image/table.png, id=7877, 240.9pt x 120.45pt>
File: ../image/table.png Graphic file (type png)
<use ../image/table.png>
Package luatex.def Info: ../image/table.png  used on input line 2429.
(luatex.def)             Requested size: 284.55359pt x 142.27678pt.
<../image/proc_call.png, id=7878, 158.5122pt x 109.1277pt>
File: ../image/proc_call.png Graphic file (type png)
<use ../image/proc_call.png>
Package luatex.def Info: ../image/proc_call.png  used on input line 2438.
(luatex.def)             Requested size: 284.54774pt x 142.2656pt.
 [185<../image/tree2.png><../image/table.png>] [186<../image/proc_call.png>]) (./sec28.tex [187]
<../image/dnd.png, id=7975, 308.15125pt x 201.75375pt>
File: ../image/dnd.png Graphic file (type png)
<use ../image/dnd.png>
Package luatex.def Info: ../image/dnd.png  used on input line 14.
(luatex.def)             Requested size: 130.88495pt x 85.35785pt.
<../image/dnd_canvas.png, id=7976, 216.81pt x 83.3514pt>
File: ../image/dnd_canvas.png Graphic file (type png)
<use ../image/dnd_canvas.png>
Package luatex.def Info: ../image/dnd_canvas.png  used on input line 35.
(luatex.def)             Requested size: 384.16058pt x 147.96687pt.
 [188<../image/dnd.png><../image/dnd_canvas.png>] [189] [190]
Overfull \hbox (8.86978pt too wide) in paragraph at lines 218--219
[][][][][][][][]  
 []

[191]) (./sec29.tex
<../image/list.png, id=8152, 192.72pt x 144.54pt>
File: ../image/list.png Graphic file (type png)
<use ../image/list.png>
Package luatex.def Info: ../image/list.png  used on input line 39.
(luatex.def)             Requested size: 284.52711pt x 213.40634pt.
 [192]
<../image/gtklistitem.png, id=8173, 192.72pt x 144.54pt>
File: ../image/gtklistitem.png Graphic file (type png)
<use ../image/gtklistitem.png>
Package luatex.def Info: ../image/gtklistitem.png  used on input line 112.
(luatex.def)             Requested size: 284.52711pt x 213.40634pt.
 [193<../image/list.png>] [194<../image/gtklistitem.png>] [195] (/usr/share/tex
mf-dist/tex/latex/listings/lstlang1.sty
File: lstlang1.sty 2023/02/27 1.9 listings language file
)
(/usr/share/texmf-dist/tex/latex/listings/lstlang1.sty
File: lstlang1.sty 2023/02/27 1.9 listings language file
)
<../image/list1.png, id=8271, 606.265pt x 442.65375pt>
File: ../image/list1.png Graphic file (type png)
<use ../image/list1.png>
Package luatex.def Info: ../image/list1.png  used on input line 262.
(luatex.def)             Requested size: 171.85298pt x 125.19174pt.
 [196<../image/list1.png>] [197] [198] [199]
<../image/list3.png, id=8455, 606.265pt x 442.65375pt>
File: ../image/list3.png Graphic file (type png)
<use ../image/list3.png>
Package luatex.def Info: ../image/list3.png  used on input line 640.
(luatex.def)             Requested size: 284.5283pt x 207.70956pt.
) (./sec30.tex
<../image/list4.png, id=8456, 729.72626pt x 480.79625pt>
File: ../image/list4.png Graphic file (type png)
<use ../image/list4.png>
Package luatex.def Info: ../image/list4.png  used on input line 9.
(luatex.def)             Requested size: 284.52528pt x 187.78856pt.
 [200] [201<../image/list3.png><../image/list4.png>]
<../image/directorylist.png, id=8502, 192.72pt x 144.54pt>
File: ../image/directorylist.png Graphic file (type png)
<use ../image/directorylist.png>
Package luatex.def Info: ../image/directorylist.png  used on input line 44.
(luatex.def)             Requested size: 284.52711pt x 213.40634pt.

Overfull \hbox (50.47pt too wide) in paragraph at lines 57--58
[][][][][][][][][][][][][][][][][][][][][][][][]  
 []

[202<../image/directorylist.png>]
Overfull \hbox (1.8695pt too wide) in paragraph at lines 120--121
[][][][][][][][][][][][][][][][][][][][][][][][][][][][][]  
 []


Overfull \hbox (1.8695pt too wide) in paragraph at lines 132--133
[][][][][][][][][][][][][][][][][][][][][][][][][][][][][]  
 []

[203]
Overfull \hbox (61.27011pt too wide) in paragraph at lines 158--159
[][][][][][][][][][][][][][][][][][][][][][][][]  
 []

[204] [205] [206] [207]
<../image/screenshot_list4.png, id=8767, 803.0pt x 564.1075pt>
File: ../image/screenshot_list4.png Graphic file (type png)
<use ../image/screenshot_list4.png>
Package luatex.def Info: ../image/screenshot_list4.png  used on input line 583.

(luatex.def)             Requested size: 227.61984pt x 159.90294pt.
 [208]
Overfull \hbox (61.27011pt too wide) in paragraph at lines 603--604
[][][][][][][][][][][][][][][][][][][][][][][][]  
 []

[209<../image/screenshot_list4.png>]) (./sec31.tex [210] [211] [212] [213]
<../image/exp_bind.png, id=8979, 614.295pt x 126.4725pt>
File: ../image/exp_bind.png Graphic file (type png)
<use ../image/exp_bind.png>
Package luatex.def Info: ../image/exp_bind.png  used on input line 366.
(luatex.def)             Requested size: 261.77023pt x 54.05983pt.

[214<../image/exp_bind.png>] [215]
<../image/exp_watch.png, id=9083, 641.39626pt x 462.72874pt>
File: ../image/exp_watch.png Graphic file (type png)
<use ../image/exp_watch.png>
Package luatex.def Info: ../image/exp_watch.png  used on input line 597.
(luatex.def)             Requested size: 273.15254pt x 196.32173pt.
 [216] [217<../image/exp_watch.png>] [218]
<../image/exp.png, id=9203, 687.56876pt x 510.90875pt>
File: ../image/exp.png Graphic file (type png)
<use ../image/exp.png>
Package luatex.def Info: ../image/exp.png  used on input line 779.
(luatex.def)             Requested size: 293.05742pt x 216.24072pt.

[219<../image/exp.png>] [220] [221]) (./sec32.tex
<../image/column_view.png, id=9331, 754.82pt x 602.25pt>
File: ../image/column_view.png Graphic file (type png)
<use ../image/column_view.png>
Package luatex.def Info: ../image/column_view.png  used on input line 10.
(luatex.def)             Requested size: 321.51411pt x 256.0861pt.
<../image/column.png, id=9332, 192.72pt x 144.54pt>
File: ../image/column.png Graphic file (type png)
<use ../image/column.png>
Package luatex.def Info: ../image/column.png  used on input line 34.
(luatex.def)             Requested size: 341.43195pt x 256.08939pt.
 [222<../image/column_view.png>]
Overfull \hbox (163.87115pt too wide) in paragraph at lines 68--69
[][][][][][][][][][][][][][][][][][][][][][][][]  
 []

[223<../image/column.png>] [224] [225] [226] [227] [228]
File: ../image/column_view.png Graphic file (type png)
<use ../image/column_view.png>
Package luatex.def Info: ../image/column_view.png  used on input line 525.
(luatex.def)             Requested size: 321.51411pt x 256.0861pt.
) (./sec33.tex [229]
<../image/listeditor.png, id=9679, 835.12pt x 410.53375pt>
File: ../image/listeditor.png Graphic file (type png)
<use ../image/listeditor.png>
Package luatex.def Info: ../image/listeditor.png  used on input line 37.
(luatex.def)             Requested size: 341.43295pt x 256.07556pt.

[230<../image/listeditor.png>] [231] [232] [233] [234]) [235] (./turtle_doc.tex
<../src/turtle/image/turtle1.png, id=9858, 803.0pt x 512.91624pt>
File: ../src/turtle/image/turtle1.png Graphic file (type png)
<use ../src/turtle/image/turtle1.png>
Package luatex.def Info: ../src/turtle/image/turtle1.png  used on input line 49
.
(luatex.def)             Requested size: 227.61984pt x 145.39217pt.
<../src/turtle/image/turtle_tree.png, id=9859, 803.0pt x 512.91624pt>
File: ../src/turtle/image/turtle_tree.png Graphic file (type png)
<use ../src/turtle/image/turtle_tree.png>
Package luatex.def Info: ../src/turtle/image/turtle_tree.png  used on input lin
e 62.
(luatex.def)             Requested size: 227.61984pt x 145.39217pt.
[236<../src/turtle/image/turtle1.png>]
<../src/turtle/image/turtle2.png, id=9881, 803.0pt x 512.91624pt>
File: ../src/turtle/image/turtle2.png Graphic file (type png)
<use ../src/turtle/image/turtle2.png>
Package luatex.def Info: ../src/turtle/image/turtle2.png  used on input line 12
9.
(luatex.def)             Requested size: 227.61984pt x 145.39217pt.
 [237<../src/turtle/image/turtle_tree.png><../src/turtle/image/turtle2.png>]
<../src/turtle/image/turtle3.png, id=9898, 803.0pt x 512.91624pt>
File: ../src/turtle/image/turtle3.png Graphic file (type png)
<use ../src/turtle/image/turtle3.png>
Package luatex.def Info: ../src/turtle/image/turtle3.png  used on input line 17
4.
(luatex.def)             Requested size: 227.61984pt x 145.39217pt.
 [238<../src/turtle/image/turtle3.png>]
[239]
File: ../src/turtle/image/turtle_tree.png Graphic file (type png)
<use ../src/turtle/image/turtle_tree.png>
Package luatex.def Info: ../src/turtle/image/turtle_tree.png  used on input lin
e 422.
(luatex.def)             Requested size: 227.61984pt x 145.39217pt.
 [240]
File: ../src/turtle/image/turtle_koch.png Graphic file (type png)
<use ../src/turtle/image/turtle_koch.png>
Package luatex.def Info: ../src/turtle/image/turtle_koch.png  used on input lin
e 438.
(luatex.def)             Requested size: 227.61984pt x 145.39217pt.
<../src/turtle/image/turtle_square_koch.png, id=9967, 803.0pt x 512.91624pt>
File: ../src/turtle/image/turtle_square_koch.png Graphic file (type png)
<use ../src/turtle/image/turtle_square_koch.png>
Package luatex.def Info: ../src/turtle/image/turtle_square_koch.png  used on in
put line 444.
(luatex.def)             Requested size: 227.61984pt x 145.39217pt.
 [241<../src/turtle/image/turtle_square_koch.png>] [242])
(./tfetextview_doc.tex [243] [244] [245]) (./Readme_for_developers.tex
Underfull \hbox (badness 1472) in paragraph at lines 37--41
[]\TU/lmr/m/n/10 Use git. Type \TU/lmtt/m/n/10 git clone https://github.com/Tosh
ioCP/Gtk4-tutorial.git \TU/lmr/m/n/10 on the
 []

[246] [247] [248]
<../image/state_diagram.png, id=10108, 240.9pt x 135.6267pt>
File: ../image/state_diagram.png Graphic file (type png)
<use ../image/state_diagram.png>
Package luatex.def Info: ../image/state_diagram.png  used on input line 348.
(luatex.def)             Requested size: 426.83406pt x 239.00378pt.
 [249] [250<../image/state_diagram.png>] [251] [252] [253])
[254] (./main.aux)

LaTeX Warning: There were multiply-defined labels.

)

Here is how much of LuaTeX's memory you used:
 36460 strings out of 478285
 477239,1977958 words of node,token memory allocated
 705 words of node memory still in use:
   7 hlist, 2 vlist, 2 rule, 1 local_par, 4 glue, 4 kern, 1 penalty, 2 glyph, 20
 attribute, 62 glue_spec, 20 attribute_list, 1 write, 1 user_defined, 12 pdf_act
ion nodes
   avail lists: 1:3,2:5636,3:1126,4:1227,5:5869,6:556,7:38452,8:20,9:13208,10:26
,11:609
 46509 multiletter control sequences out of 65536+600000
 65 fonts using 19365283 bytes
 93i,7n,121p,1000b,993s stack positions out of 10000i,1000n,20000p,200000b,200000s
</usr/share/texmf-dist/fonts/opentype/public/lm/lmmono10-regular.otf></usr/share
/texmf-dist/fonts/opentype/public/lm/lmroman9-regular.otf></usr/share/texmf-dist
/fonts/opentype/public/lm/lmroman10-italic.otf></usr/share/texmf-dist/fonts/open
type/public/lm/lmroman12-bold.otf></usr/share/texmf-dist/fonts/opentype/public/l
m/lmmono9-regular.otf></usr/share/texmf-dist/fonts/opentype/public/lm/lmroman10-
regular.otf></usr/share/texmf-dist/fonts/opentype/public/lm/lmroman10-bold.otf><
/usr/share/texmf-dist/fonts/opentype/public/lm/lmroman12-regular.otf></usr/share
/texmf-dist/fonts/opentype/public/lm/lmroman17-regular.otf></usr/share/texmf-dis
t/fonts/type1/public/amsfonts/cm/cmtt9.pfb>
Output written on main.pdf (254 pages, 2691087 bytes).

PDF statistics: 11407 PDF objects out of 12825 (max. 8388607)
 10873 compressed objects within 109 object streams
 8645 named destinations out of 8907 (max. 131072)
 2409 words of extra memory for PDF output out of 10000 (max. 100000000)

